This file contains any messages produced by compilers while
running configure, to aid debugging if configure makes a mistake.

It was created by configure, which was
generated by GNU Autoconf 2.69.  Invocation command line was

  $ ./configure 

## --------- ##
## Platform. ##
## --------- ##

hostname = debian8nas
uname -m = i686
uname -r = 3.16.0-4-586
uname -s = Linux
uname -v = #1 Debian 3.16.36-1+deb8u2 (2016-10-19)

/usr/bin/uname -p = unknown
/bin/uname -X     = unknown

/bin/arch              = unknown
/usr/bin/arch -k       = unknown
/usr/convex/getsysinfo = unknown
/usr/bin/hostinfo      = unknown
/bin/machine           = unknown
/usr/bin/oslevel       = unknown
/bin/universe          = unknown

PATH: /usr/local/sbin
PATH: /usr/local/bin
PATH: /usr/sbin
PATH: /usr/bin
PATH: /sbin
PATH: /bin


## ----------- ##
## Core tests. ##
## ----------- ##

configure:2232: checking for gcc
configure:2248: found /usr/bin/gcc
configure:2259: result: gcc
configure:2488: checking for C compiler version
configure:2497: gcc --version >&5
gcc (Debian 4.9.2-10) 4.9.2
Copyright (C) 2014 Free Software Foundation, Inc.
This is free software; see the source for copying conditions.  There is NO
warranty; not even for MERCHANTABILITY or FITNESS FOR A PARTICULAR PURPOSE.

configure:2508: $? = 0
configure:2497: gcc -v >&5
Using built-in specs.
COLLECT_GCC=gcc
COLLECT_LTO_WRAPPER=/usr/lib/gcc/i586-linux-gnu/4.9/lto-wrapper
Target: i586-linux-gnu
Configured with: ../src/configure -v --with-pkgversion='Debian 4.9.2-10' --with-bugurl=file:///usr/share/doc/gcc-4.9/README.Bugs --enable-languages=c,c++,java,go,d,fortran,objc,obj-c++ --prefix=/usr --program-suffix=-4.9 --enable-shared --enable-linker-build-id --libexecdir=/usr/lib --without-included-gettext --enable-threads=posix --with-gxx-include-dir=/usr/include/c++/4.9 --libdir=/usr/lib --enable-nls --with-sysroot=/ --enable-clocale=gnu --enable-libstdcxx-debug --enable-libstdcxx-time=yes --enable-gnu-unique-object --disable-vtable-verify --enable-plugin --with-system-zlib --disable-browser-plugin --enable-java-awt=gtk --enable-gtk-cairo --with-java-home=/usr/lib/jvm/java-1.5.0-gcj-4.9-i386/jre --enable-java-home --with-jvm-root-dir=/usr/lib/jvm/java-1.5.0-gcj-4.9-i386 --with-jvm-jar-dir=/usr/lib/jvm-exports/java-1.5.0-gcj-4.9-i386 --with-arch-directory=i386 --with-ecj-jar=/usr/share/java/eclipse-ecj.jar --enable-objc-gc --enable-targets=all --enable-multiarch --with-arch-32=i586 --with-multilib-list=m32,m64,mx32 --enable-multilib --with-tune=generic --enable-checking=release --build=i586-linux-gnu --host=i586-linux-gnu --target=i586-linux-gnu
Thread model: posix
gcc version 4.9.2 (Debian 4.9.2-10) 
configure:2508: $? = 0
configure:2497: gcc -V >&5
gcc: error: unrecognized command line option '-V'
gcc: fatal error: no input files
compilation terminated.
configure:2508: $? = 4
configure:2497: gcc -qversion >&5
gcc: error: unrecognized command line option '-qversion'
gcc: fatal error: no input files
compilation terminated.
configure:2508: $? = 4
configure:2528: checking whether the C compiler works
configure:2550: gcc    conftest.c  >&5
configure:2554: $? = 0
configure:2602: result: yes
configure:2605: checking for C compiler default output file name
configure:2607: result: a.out
configure:2613: checking for suffix of executables
configure:2620: gcc -o conftest    conftest.c  >&5
configure:2624: $? = 0
configure:2646: result: 
configure:2668: checking whether we are cross compiling
configure:2676: gcc -o conftest    conftest.c  >&5
configure:2680: $? = 0
configure:2687: ./conftest
configure:2691: $? = 0
configure:2706: result: no
configure:2711: checking for suffix of object files
configure:2733: gcc -c   conftest.c >&5
configure:2737: $? = 0
configure:2758: result: o
configure:2762: checking whether we are using the GNU C compiler
configure:2781: gcc -c   conftest.c >&5
configure:2781: $? = 0
configure:2790: result: yes
configure:2799: checking whether gcc accepts -g
configure:2819: gcc -c -g  conftest.c >&5
configure:2819: $? = 0
configure:2860: result: yes
configure:2877: checking for gcc option to accept ISO C89
configure:2940: gcc  -c -g -O2  conftest.c >&5
configure:2940: $? = 0
configure:2953: result: none needed
configure:2979: checking how to run the C preprocessor
configure:3010: gcc -E  conftest.c
configure:3010: $? = 0
configure:3024: gcc -E  conftest.c
conftest.c:9:28: fatal error: ac_nonexistent.h: No such file or directory
 #include <ac_nonexistent.h>
                            ^
compilation terminated.
configure:3024: $? = 1
configure: failed program was:
| /* confdefs.h */
| #define PACKAGE_NAME ""
| #define PACKAGE_TARNAME ""
| #define PACKAGE_VERSION ""
| #define PACKAGE_STRING ""
| #define PACKAGE_BUGREPORT ""
| #define PACKAGE_URL ""
| /* end confdefs.h.  */
| #include <ac_nonexistent.h>
configure:3049: result: gcc -E
configure:3069: gcc -E  conftest.c
configure:3069: $? = 0
configure:3083: gcc -E  conftest.c
conftest.c:9:28: fatal error: ac_nonexistent.h: No such file or directory
 #include <ac_nonexistent.h>
                            ^
compilation terminated.
configure:3083: $? = 1
configure: failed program was:
| /* confdefs.h */
| #define PACKAGE_NAME ""
| #define PACKAGE_TARNAME ""
| #define PACKAGE_VERSION ""
| #define PACKAGE_STRING ""
| #define PACKAGE_BUGREPORT ""
| #define PACKAGE_URL ""
| /* end confdefs.h.  */
| #include <ac_nonexistent.h>
configure:3112: checking for grep that handles long lines and -e
configure:3170: result: /bin/grep
configure:3175: checking for egrep
configure:3237: result: /bin/grep -E
configure:3242: checking for ANSI C header files
configure:3262: gcc -c -g -O2  conftest.c >&5
configure:3262: $? = 0
configure:3335: gcc -o conftest -g -O2   conftest.c  >&5
configure:3335: $? = 0
configure:3335: ./conftest
configure:3335: $? = 0
configure:3346: result: yes
configure:3359: checking for sys/types.h
configure:3359: gcc -c -g -O2  conftest.c >&5
configure:3359: $? = 0
configure:3359: result: yes
configure:3359: checking for sys/stat.h
configure:3359: gcc -c -g -O2  conftest.c >&5
configure:3359: $? = 0
configure:3359: result: yes
configure:3359: checking for stdlib.h
configure:3359: gcc -c -g -O2  conftest.c >&5
configure:3359: $? = 0
configure:3359: result: yes
configure:3359: checking for string.h
configure:3359: gcc -c -g -O2  conftest.c >&5
configure:3359: $? = 0
configure:3359: result: yes
configure:3359: checking for memory.h
configure:3359: gcc -c -g -O2  conftest.c >&5
configure:3359: $? = 0
configure:3359: result: yes
configure:3359: checking for strings.h
configure:3359: gcc -c -g -O2  conftest.c >&5
configure:3359: $? = 0
configure:3359: result: yes
configure:3359: checking for inttypes.h
configure:3359: gcc -c -g -O2  conftest.c >&5
configure:3359: $? = 0
configure:3359: result: yes
configure:3359: checking for stdint.h
configure:3359: gcc -c -g -O2  conftest.c >&5
configure:3359: $? = 0
configure:3359: result: yes
configure:3359: checking for unistd.h
configure:3359: gcc -c -g -O2  conftest.c >&5
configure:3359: $? = 0
configure:3359: result: yes
configure:3372: checking minix/config.h usability
configure:3372: gcc -c -g -O2  conftest.c >&5
conftest.c:52:26: fatal error: minix/config.h: No such file or directory
 #include <minix/config.h>
                          ^
compilation terminated.
configure:3372: $? = 1
configure: failed program was:
| /* confdefs.h */
| #define PACKAGE_NAME ""
| #define PACKAGE_TARNAME ""
| #define PACKAGE_VERSION ""
| #define PACKAGE_STRING ""
| #define PACKAGE_BUGREPORT ""
| #define PACKAGE_URL ""
| #define STDC_HEADERS 1
| #define HAVE_SYS_TYPES_H 1
| #define HAVE_SYS_STAT_H 1
| #define HAVE_STDLIB_H 1
| #define HAVE_STRING_H 1
| #define HAVE_MEMORY_H 1
| #define HAVE_STRINGS_H 1
| #define HAVE_INTTYPES_H 1
| #define HAVE_STDINT_H 1
| #define HAVE_UNISTD_H 1
| /* end confdefs.h.  */
| #include <stdio.h>
| #ifdef HAVE_SYS_TYPES_H
| # include <sys/types.h>
| #endif
| #ifdef HAVE_SYS_STAT_H
| # include <sys/stat.h>
| #endif
| #ifdef STDC_HEADERS
| # include <stdlib.h>
| # include <stddef.h>
| #else
| # ifdef HAVE_STDLIB_H
| #  include <stdlib.h>
| # endif
| #endif
| #ifdef HAVE_STRING_H
| # if !defined STDC_HEADERS && defined HAVE_MEMORY_H
| #  include <memory.h>
| # endif
| # include <string.h>
| #endif
| #ifdef HAVE_STRINGS_H
| # include <strings.h>
| #endif
| #ifdef HAVE_INTTYPES_H
| # include <inttypes.h>
| #endif
| #ifdef HAVE_STDINT_H
| # include <stdint.h>
| #endif
| #ifdef HAVE_UNISTD_H
| # include <unistd.h>
| #endif
| #include <minix/config.h>
configure:3372: result: no
configure:3372: checking minix/config.h presence
configure:3372: gcc -E  conftest.c
conftest.c:19:26: fatal error: minix/config.h: No such file or directory
 #include <minix/config.h>
                          ^
compilation terminated.
configure:3372: $? = 1
configure: failed program was:
| /* confdefs.h */
| #define PACKAGE_NAME ""
| #define PACKAGE_TARNAME ""
| #define PACKAGE_VERSION ""
| #define PACKAGE_STRING ""
| #define PACKAGE_BUGREPORT ""
| #define PACKAGE_URL ""
| #define STDC_HEADERS 1
| #define HAVE_SYS_TYPES_H 1
| #define HAVE_SYS_STAT_H 1
| #define HAVE_STDLIB_H 1
| #define HAVE_STRING_H 1
| #define HAVE_MEMORY_H 1
| #define HAVE_STRINGS_H 1
| #define HAVE_INTTYPES_H 1
| #define HAVE_STDINT_H 1
| #define HAVE_UNISTD_H 1
| /* end confdefs.h.  */
| #include <minix/config.h>
configure:3372: result: no
configure:3372: checking for minix/config.h
configure:3372: result: no
configure:3393: checking whether it is safe to define __EXTENSIONS__
configure:3411: gcc -c -g -O2  conftest.c >&5
configure:3411: $? = 0
configure:3418: result: yes
configure:3819: checking whether make sets $(MAKE)
configure:3841: result: yes
configure:3898: checking for gcc
configure:3925: result: gcc
configure:4154: checking for C compiler version
configure:4163: gcc --version >&5
gcc (Debian 4.9.2-10) 4.9.2
Copyright (C) 2014 Free Software Foundation, Inc.
This is free software; see the source for copying conditions.  There is NO
warranty; not even for MERCHANTABILITY or FITNESS FOR A PARTICULAR PURPOSE.

configure:4174: $? = 0
configure:4163: gcc -v >&5
Using built-in specs.
COLLECT_GCC=gcc
COLLECT_LTO_WRAPPER=/usr/lib/gcc/i586-linux-gnu/4.9/lto-wrapper
Target: i586-linux-gnu
Configured with: ../src/configure -v --with-pkgversion='Debian 4.9.2-10' --with-bugurl=file:///usr/share/doc/gcc-4.9/README.Bugs --enable-languages=c,c++,java,go,d,fortran,objc,obj-c++ --prefix=/usr --program-suffix=-4.9 --enable-shared --enable-linker-build-id --libexecdir=/usr/lib --without-included-gettext --enable-threads=posix --with-gxx-include-dir=/usr/include/c++/4.9 --libdir=/usr/lib --enable-nls --with-sysroot=/ --enable-clocale=gnu --enable-libstdcxx-debug --enable-libstdcxx-time=yes --enable-gnu-unique-object --disable-vtable-verify --enable-plugin --with-system-zlib --disable-browser-plugin --enable-java-awt=gtk --enable-gtk-cairo --with-java-home=/usr/lib/jvm/java-1.5.0-gcj-4.9-i386/jre --enable-java-home --with-jvm-root-dir=/usr/lib/jvm/java-1.5.0-gcj-4.9-i386 --with-jvm-jar-dir=/usr/lib/jvm-exports/java-1.5.0-gcj-4.9-i386 --with-arch-directory=i386 --with-ecj-jar=/usr/share/java/eclipse-ecj.jar --enable-objc-gc --enable-targets=all --enable-multiarch --with-arch-32=i586 --with-multilib-list=m32,m64,mx32 --enable-multilib --with-tune=generic --enable-checking=release --build=i586-linux-gnu --host=i586-linux-gnu --target=i586-linux-gnu
Thread model: posix
gcc version 4.9.2 (Debian 4.9.2-10) 
configure:4174: $? = 0
configure:4163: gcc -V >&5
gcc: error: unrecognized command line option '-V'
gcc: fatal error: no input files
compilation terminated.
configure:4174: $? = 4
configure:4163: gcc -qversion >&5
gcc: error: unrecognized command line option '-qversion'
gcc: fatal error: no input files
compilation terminated.
configure:4174: $? = 4
configure:4178: checking whether we are using the GNU C compiler
configure:4206: result: yes
configure:4215: checking whether gcc accepts -g
configure:4276: result: yes
configure:4293: checking for gcc option to accept ISO C89
configure:4369: result: none needed
configure:4394: checking how to run the C preprocessor
configure:4464: result: gcc -E
configure:4484: gcc -E  -DMAXCONN=16384 conftest.c
configure:4484: $? = 0
configure:4498: gcc -E  -DMAXCONN=16384 conftest.c
conftest.c:24:28: fatal error: ac_nonexistent.h: No such file or directory
 #include <ac_nonexistent.h>
                            ^
compilation terminated.
configure:4498: $? = 1
configure: failed program was:
| /* confdefs.h */
| #define PACKAGE_NAME ""
| #define PACKAGE_TARNAME ""
| #define PACKAGE_VERSION ""
| #define PACKAGE_STRING ""
| #define PACKAGE_BUGREPORT ""
| #define PACKAGE_URL ""
| #define STDC_HEADERS 1
| #define HAVE_SYS_TYPES_H 1
| #define HAVE_SYS_STAT_H 1
| #define HAVE_STDLIB_H 1
| #define HAVE_STRING_H 1
| #define HAVE_MEMORY_H 1
| #define HAVE_STRINGS_H 1
| #define HAVE_INTTYPES_H 1
| #define HAVE_STDINT_H 1
| #define HAVE_UNISTD_H 1
| #define __EXTENSIONS__ 1
| #define _ALL_SOURCE 1
| #define _GNU_SOURCE 1
| #define _POSIX_PTHREAD_SEMANTICS 1
| #define _TANDEM_SOURCE 1
| /* end confdefs.h.  */
| #include <ac_nonexistent.h>
configure:4528: checking for ar
configure:4546: found /usr/bin/ar
configure:4558: result: /usr/bin/ar
configure:4578: checking whether byte ordering is bigendian
configure:4593: gcc -c -g -O2 -pipe -ffast-math -Wall  -DMAXCONN=16384 -I../common conftest.c >&5
conftest.c:25:9: error: unknown type name 'not'
         not a universal capable compiler
         ^
conftest.c:25:15: error: expected '=', ',', ';', 'asm' or '__attribute__' before 'universal'
         not a universal capable compiler
               ^
conftest.c:25:15: error: unknown type name 'universal'
configure:4593: $? = 1
configure: failed program was:
| /* confdefs.h */
| #define PACKAGE_NAME ""
| #define PACKAGE_TARNAME ""
| #define PACKAGE_VERSION ""
| #define PACKAGE_STRING ""
| #define PACKAGE_BUGREPORT ""
| #define PACKAGE_URL ""
| #define STDC_HEADERS 1
| #define HAVE_SYS_TYPES_H 1
| #define HAVE_SYS_STAT_H 1
| #define HAVE_STDLIB_H 1
| #define HAVE_STRING_H 1
| #define HAVE_MEMORY_H 1
| #define HAVE_STRINGS_H 1
| #define HAVE_INTTYPES_H 1
| #define HAVE_STDINT_H 1
| #define HAVE_UNISTD_H 1
| #define __EXTENSIONS__ 1
| #define _ALL_SOURCE 1
| #define _GNU_SOURCE 1
| #define _POSIX_PTHREAD_SEMANTICS 1
| #define _TANDEM_SOURCE 1
| /* end confdefs.h.  */
| #ifndef __APPLE_CC__
| 	       not a universal capable compiler
| 	     #endif
| 	     typedef int dummy;
| 
configure:4638: gcc -c -g -O2 -pipe -ffast-math -Wall  -DMAXCONN=16384 -I../common conftest.c >&5
configure:4638: $? = 0
configure:4656: gcc -c -g -O2 -pipe -ffast-math -Wall  -DMAXCONN=16384 -I../common conftest.c >&5
conftest.c: In function 'main':
conftest.c:31:4: error: unknown type name 'not'
    not big endian
    ^
conftest.c:31:12: error: expected '=', ',', ';', 'asm' or '__attribute__' before 'endian'
    not big endian
            ^
configure:4656: $? = 1
configure: failed program was:
| /* confdefs.h */
| #define PACKAGE_NAME ""
| #define PACKAGE_TARNAME ""
| #define PACKAGE_VERSION ""
| #define PACKAGE_STRING ""
| #define PACKAGE_BUGREPORT ""
| #define PACKAGE_URL ""
| #define STDC_HEADERS 1
| #define HAVE_SYS_TYPES_H 1
| #define HAVE_SYS_STAT_H 1
| #define HAVE_STDLIB_H 1
| #define HAVE_STRING_H 1
| #define HAVE_MEMORY_H 1
| #define HAVE_STRINGS_H 1
| #define HAVE_INTTYPES_H 1
| #define HAVE_STDINT_H 1
| #define HAVE_UNISTD_H 1
| #define __EXTENSIONS__ 1
| #define _ALL_SOURCE 1
| #define _GNU_SOURCE 1
| #define _POSIX_PTHREAD_SEMANTICS 1
| #define _TANDEM_SOURCE 1
| /* end confdefs.h.  */
| #include <sys/types.h>
| 		#include <sys/param.h>
| 
| int
| main ()
| {
| #if BYTE_ORDER != BIG_ENDIAN
| 		 not big endian
| 		#endif
| 
|   ;
|   return 0;
| }
configure:4784: result: no
configure:4853: checking whether gcc produces 32bit code
configure:4871: gcc -o conftest -g -O2 -pipe -ffast-math -Wall  -DMAXCONN=16384 -I../common  conftest.c  >&5
configure:4871: $? = 0
configure:4871: ./conftest
configure:4871: $? = 0
configure:4873: result: yes
configure:4875: checking whether gcc supports -march=i686 (and we can run it)
configure:4896: gcc -o conftest -g -O2 -pipe -ffast-math -Wall -march=i686  -DMAXCONN=16384 -I../common  -march=i686 conftest.c  >&5
configure:4896: $? = 0
configure:4896: ./conftest
configure:4896: $? = 0
configure:4898: result: yes
configure:4930: checking whether gcc supports __thread specifier (TLS)
configure:4949: gcc -o conftest -g -O2 -pipe -ffast-math -Wall -march=i686  -DMAXCONN=16384 -I../common  -march=i686 conftest.c  >&5
configure:4949: $? = 0
configure:4949: ./conftest
configure:4949: $? = 0
configure:4951: result: yes
configure:4980: checking whether gcc supports -ffat-lto-objects
configure:4997: gcc -o conftest -g -O2 -pipe -ffast-math -Wall -march=i686 -flto -fuse-linker-plugin -ffat-lto-objects  -DMAXCONN=16384 -I../common -DHAS_TLS  -march=i686 -flto -fuse-linker-plugin -ffat-lto-objects conftest.c  >&5
configure:4997: $? = 0
configure:4997: ./conftest
configure:4997: $? = 0
configure:4999: result: yes
configure:5019: checking whether gcc supports -flto -fuse-linker-plugin
configure:5036: gcc -o conftest -g -O2 -pipe -ffast-math -Wall -march=i686 -flto -fuse-linker-plugin  -DMAXCONN=16384 -I../common -DHAS_TLS  -march=i686 -flto -fuse-linker-plugin conftest.c  >&5
configure:5036: $? = 0
configure:5036: ./conftest
configure:5036: $? = 0
configure:5038: result: yes
configure:5063: checking whether gcc supports -Wno-unused-parameter
configure:5071: gcc -c -g -O2 -pipe -ffast-math -Wall -march=i686 -Werror -Wno-unused-parameter  -DMAXCONN=16384 -I../common -DHAS_TLS conftest.c >&5
configure:5071: $? = 0
configure:5081: gcc -c -g -O2 -pipe -ffast-math -Wall -march=i686 -Werror -Wunused-parameter  -DMAXCONN=16384 -I../common -DHAS_TLS conftest.c >&5
configure:5081: $? = 0
configure:5083: result: yes
configure:5088: checking whether gcc can actually use -Wno-unused-parameter
configure:5095: gcc -c -g -O2 -pipe -ffast-math -Wall -march=i686 -Werror -Wunused-parameter  -DMAXCONN=16384 -I../common -DHAS_TLS conftest.c >&5
conftest.c: In function 'foo':
conftest.c:24:13: error: unused parameter 'bar' [-Werror=unused-parameter]
 int foo(int bar) { return 0; }
             ^
cc1: all warnings being treated as errors
configure:5095: $? = 1
configure: failed program was:
| /* confdefs.h */
| #define PACKAGE_NAME ""
| #define PACKAGE_TARNAME ""
| #define PACKAGE_VERSION ""
| #define PACKAGE_STRING ""
| #define PACKAGE_BUGREPORT ""
| #define PACKAGE_URL ""
| #define STDC_HEADERS 1
| #define HAVE_SYS_TYPES_H 1
| #define HAVE_SYS_STAT_H 1
| #define HAVE_STDLIB_H 1
| #define HAVE_STRING_H 1
| #define HAVE_MEMORY_H 1
| #define HAVE_STRINGS_H 1
| #define HAVE_INTTYPES_H 1
| #define HAVE_STDINT_H 1
| #define HAVE_UNISTD_H 1
| #define __EXTENSIONS__ 1
| #define _ALL_SOURCE 1
| #define _GNU_SOURCE 1
| #define _POSIX_PTHREAD_SEMANTICS 1
| #define _TANDEM_SOURCE 1
| /* end confdefs.h.  */
| int foo(int bar) { return 0; }
configure:5108: gcc -c -g -O2 -pipe -ffast-math -Wall -march=i686 -Werror -Wno-unused-parameter  -DMAXCONN=16384 -I../common -DHAS_TLS conftest.c >&5
configure:5108: $? = 0
configure:5110: result: yes
configure:5151: checking whether gcc supports -Wno-maybe-uninitialized
configure:5159: gcc -c -g -O2 -pipe -ffast-math -Wall -march=i686 -Wno-unused-parameter -Werror -Wno-maybe-uninitialized  -DMAXCONN=16384 -I../common -DHAS_TLS conftest.c >&5
configure:5159: $? = 0
configure:5169: gcc -c -g -O2 -pipe -ffast-math -Wall -march=i686 -Wno-unused-parameter -Werror -Wmaybe-uninitialized  -DMAXCONN=16384 -I../common -DHAS_TLS conftest.c >&5
configure:5169: $? = 0
configure:5171: result: yes
configure:5239: checking whether gcc supports -Wno-clobbered
configure:5247: gcc -c -g -O2 -pipe -ffast-math -Wall -march=i686 -Wno-unused-parameter -Wno-maybe-uninitialized -Werror -Wno-clobbered  -DMAXCONN=16384 -I../common -DHAS_TLS conftest.c >&5
configure:5247: $? = 0
configure:5257: gcc -c -g -O2 -pipe -ffast-math -Wall -march=i686 -Wno-unused-parameter -Wno-maybe-uninitialized -Werror -Wclobbered  -DMAXCONN=16384 -I../common -DHAS_TLS conftest.c >&5
configure:5257: $? = 0
configure:5259: result: yes
configure:5327: checking whether gcc supports -Wempty-body
configure:5335: gcc -c -g -O2 -pipe -ffast-math -Wall -march=i686 -Wno-unused-parameter -Wno-maybe-uninitialized -Wno-clobbered -Werror -Wempty-body  -DMAXCONN=16384 -I../common -DHAS_TLS conftest.c >&5
configure:5335: $? = 0
configure:5337: result: yes
configure:5376: checking whether gcc supports -Wnewline-eof
configure:5384: gcc -c -g -O2 -pipe -ffast-math -Wall -march=i686 -Wno-unused-parameter -Wno-maybe-uninitialized -Wno-clobbered -Wempty-body -Werror -Wnewline-eof  -DMAXCONN=16384 -I../common -DHAS_TLS conftest.c >&5
gcc: error: unrecognized command line option '-Wnewline-eof'
configure:5384: $? = 1
configure: failed program was:
| /* confdefs.h */
| #define PACKAGE_NAME ""
| #define PACKAGE_TARNAME ""
| #define PACKAGE_VERSION ""
| #define PACKAGE_STRING ""
| #define PACKAGE_BUGREPORT ""
| #define PACKAGE_URL ""
| #define STDC_HEADERS 1
| #define HAVE_SYS_TYPES_H 1
| #define HAVE_SYS_STAT_H 1
| #define HAVE_STDLIB_H 1
| #define HAVE_STRING_H 1
| #define HAVE_MEMORY_H 1
| #define HAVE_STRINGS_H 1
| #define HAVE_INTTYPES_H 1
| #define HAVE_STDINT_H 1
| #define HAVE_UNISTD_H 1
| #define __EXTENSIONS__ 1
| #define _ALL_SOURCE 1
| #define _GNU_SOURCE 1
| #define _POSIX_PTHREAD_SEMANTICS 1
| #define _TANDEM_SOURCE 1
| /* end confdefs.h.  */
| int foo;
configure:5415: result: no
configure:5425: checking whether gcc supports -Wint-conversion
configure:5433: gcc -c -g -O2 -pipe -ffast-math -Wall -march=i686 -Wno-unused-parameter -Wno-maybe-uninitialized -Wno-clobbered -Wempty-body -Werror -Wint-conversion  -DMAXCONN=16384 -I../common -DHAS_TLS conftest.c >&5
gcc: error: unrecognized command line option '-Wint-conversion'
configure:5433: $? = 1
configure: failed program was:
| /* confdefs.h */
| #define PACKAGE_NAME ""
| #define PACKAGE_TARNAME ""
| #define PACKAGE_VERSION ""
| #define PACKAGE_STRING ""
| #define PACKAGE_BUGREPORT ""
| #define PACKAGE_URL ""
| #define STDC_HEADERS 1
| #define HAVE_SYS_TYPES_H 1
| #define HAVE_SYS_STAT_H 1
| #define HAVE_STDLIB_H 1
| #define HAVE_STRING_H 1
| #define HAVE_MEMORY_H 1
| #define HAVE_STRINGS_H 1
| #define HAVE_INTTYPES_H 1
| #define HAVE_STDINT_H 1
| #define HAVE_UNISTD_H 1
| #define __EXTENSIONS__ 1
| #define _ALL_SOURCE 1
| #define _GNU_SOURCE 1
| #define _POSIX_PTHREAD_SEMANTICS 1
| #define _TANDEM_SOURCE 1
| /* end confdefs.h.  */
| int foo;
configure:5464: result: no
configure:5474: checking whether gcc supports -Wenum-conversion
configure:5482: gcc -c -g -O2 -pipe -ffast-math -Wall -march=i686 -Wno-unused-parameter -Wno-maybe-uninitialized -Wno-clobbered -Wempty-body -Werror -Wenum-conversion  -DMAXCONN=16384 -I../common -DHAS_TLS conftest.c >&5
gcc: error: unrecognized command line option '-Wenum-conversion'
configure:5482: $? = 1
configure: failed program was:
| /* confdefs.h */
| #define PACKAGE_NAME ""
| #define PACKAGE_TARNAME ""
| #define PACKAGE_VERSION ""
| #define PACKAGE_STRING ""
| #define PACKAGE_BUGREPORT ""
| #define PACKAGE_URL ""
| #define STDC_HEADERS 1
| #define HAVE_SYS_TYPES_H 1
| #define HAVE_SYS_STAT_H 1
| #define HAVE_STDLIB_H 1
| #define HAVE_STRING_H 1
| #define HAVE_MEMORY_H 1
| #define HAVE_STRINGS_H 1
| #define HAVE_INTTYPES_H 1
| #define HAVE_STDINT_H 1
| #define HAVE_UNISTD_H 1
| #define __EXTENSIONS__ 1
| #define _ALL_SOURCE 1
| #define _GNU_SOURCE 1
| #define _POSIX_PTHREAD_SEMANTICS 1
| #define _TANDEM_SOURCE 1
| /* end confdefs.h.  */
| int foo;
configure:5513: result: no
configure:5523: checking whether gcc supports -Wshorten-64-to-32
configure:5531: gcc -c -g -O2 -pipe -ffast-math -Wall -march=i686 -Wno-unused-parameter -Wno-maybe-uninitialized -Wno-clobbered -Wempty-body -Werror -Wshorten-64-to-32  -DMAXCONN=16384 -I../common -DHAS_TLS conftest.c >&5
gcc: error: unrecognized command line option '-Wshorten-64-to-32'
configure:5531: $? = 1
configure: failed program was:
| /* confdefs.h */
| #define PACKAGE_NAME ""
| #define PACKAGE_TARNAME ""
| #define PACKAGE_VERSION ""
| #define PACKAGE_STRING ""
| #define PACKAGE_BUGREPORT ""
| #define PACKAGE_URL ""
| #define STDC_HEADERS 1
| #define HAVE_SYS_TYPES_H 1
| #define HAVE_SYS_STAT_H 1
| #define HAVE_STDLIB_H 1
| #define HAVE_STRING_H 1
| #define HAVE_MEMORY_H 1
| #define HAVE_STRINGS_H 1
| #define HAVE_INTTYPES_H 1
| #define HAVE_STDINT_H 1
| #define HAVE_UNISTD_H 1
| #define __EXTENSIONS__ 1
| #define _ALL_SOURCE 1
| #define _GNU_SOURCE 1
| #define _POSIX_PTHREAD_SEMANTICS 1
| #define _TANDEM_SOURCE 1
| /* end confdefs.h.  */
| int foo;
configure:5562: result: no
configure:5572: checking whether gcc supports -Wconstant-conversion
configure:5580: gcc -c -g -O2 -pipe -ffast-math -Wall -march=i686 -Wno-unused-parameter -Wno-maybe-uninitialized -Wno-clobbered -Wempty-body -Werror -Wconstant-conversion  -DMAXCONN=16384 -I../common -DHAS_TLS conftest.c >&5
gcc: error: unrecognized command line option '-Wconstant-conversion'
configure:5580: $? = 1
configure: failed program was:
| /* confdefs.h */
| #define PACKAGE_NAME ""
| #define PACKAGE_TARNAME ""
| #define PACKAGE_VERSION ""
| #define PACKAGE_STRING ""
| #define PACKAGE_BUGREPORT ""
| #define PACKAGE_URL ""
| #define STDC_HEADERS 1
| #define HAVE_SYS_TYPES_H 1
| #define HAVE_SYS_STAT_H 1
| #define HAVE_STDLIB_H 1
| #define HAVE_STRING_H 1
| #define HAVE_MEMORY_H 1
| #define HAVE_STRINGS_H 1
| #define HAVE_INTTYPES_H 1
| #define HAVE_STDINT_H 1
| #define HAVE_UNISTD_H 1
| #define __EXTENSIONS__ 1
| #define _ALL_SOURCE 1
| #define _GNU_SOURCE 1
| #define _POSIX_PTHREAD_SEMANTICS 1
| #define _TANDEM_SOURCE 1
| /* end confdefs.h.  */
| int foo;
configure:5611: result: no
configure:5621: checking whether gcc supports -Wbool-conversion
configure:5629: gcc -c -g -O2 -pipe -ffast-math -Wall -march=i686 -Wno-unused-parameter -Wno-maybe-uninitialized -Wno-clobbered -Wempty-body -Werror -Wbool-conversion  -DMAXCONN=16384 -I../common -DHAS_TLS conftest.c >&5
gcc: error: unrecognized command line option '-Wbool-conversion'
configure:5629: $? = 1
configure: failed program was:
| /* confdefs.h */
| #define PACKAGE_NAME ""
| #define PACKAGE_TARNAME ""
| #define PACKAGE_VERSION ""
| #define PACKAGE_STRING ""
| #define PACKAGE_BUGREPORT ""
| #define PACKAGE_URL ""
| #define STDC_HEADERS 1
| #define HAVE_SYS_TYPES_H 1
| #define HAVE_SYS_STAT_H 1
| #define HAVE_STDLIB_H 1
| #define HAVE_STRING_H 1
| #define HAVE_MEMORY_H 1
| #define HAVE_STRINGS_H 1
| #define HAVE_INTTYPES_H 1
| #define HAVE_STDINT_H 1
| #define HAVE_UNISTD_H 1
| #define __EXTENSIONS__ 1
| #define _ALL_SOURCE 1
| #define _GNU_SOURCE 1
| #define _POSIX_PTHREAD_SEMANTICS 1
| #define _TANDEM_SOURCE 1
| /* end confdefs.h.  */
| int foo;
configure:5660: result: no
configure:5670: checking whether gcc supports -Wno-switch
configure:5678: gcc -c -g -O2 -pipe -ffast-math -Wall -march=i686 -Wno-unused-parameter -Wno-maybe-uninitialized -Wno-clobbered -Wempty-body -Werror -Wno-switch  -DMAXCONN=16384 -I../common -DHAS_TLS conftest.c >&5
configure:5678: $? = 0
configure:5688: gcc -c -g -O2 -pipe -ffast-math -Wall -march=i686 -Wno-unused-parameter -Wno-maybe-uninitialized -Wno-clobbered -Wempty-body -Werror -Wswitch  -DMAXCONN=16384 -I../common -DHAS_TLS conftest.c >&5
configure:5688: $? = 0
configure:5690: result: yes
configure:5758: checking whether gcc supports -Wno-missing-field-initializers
configure:5766: gcc -c -g -O2 -pipe -ffast-math -Wall -march=i686 -Wno-unused-parameter -Wno-maybe-uninitialized -Wno-clobbered -Wempty-body -Wno-switch -Werror -Wno-missing-field-initializers  -DMAXCONN=16384 -I../common -DHAS_TLS conftest.c >&5
configure:5766: $? = 0
configure:5776: gcc -c -g -O2 -pipe -ffast-math -Wall -march=i686 -Wno-unused-parameter -Wno-maybe-uninitialized -Wno-clobbered -Wempty-body -Wno-switch -Werror -Wmissing-field-initializers  -DMAXCONN=16384 -I../common -DHAS_TLS conftest.c >&5
configure:5776: $? = 0
configure:5778: result: yes
configure:5851: checking whether gcc supports -Wshadow
configure:5859: gcc -c -g -O2 -pipe -ffast-math -Wall -march=i686 -Wno-unused-parameter -Wno-maybe-uninitialized -Wno-clobbered -Wempty-body -Wno-switch -Wno-missing-field-initializers -Werror -Wshadow  -DMAXCONN=16384 -I../common -DHAS_TLS conftest.c >&5
configure:5859: $? = 0
configure:5861: result: yes
configure:5900: checking whether gcc can efficiently use -Wshadow
configure:5916: gcc -c -g -O2 -pipe -ffast-math -Wall -march=i686 -Wno-unused-parameter -Wno-maybe-uninitialized -Wno-clobbered -Wempty-body -Wno-switch -Wno-missing-field-initializers -Wshadow -Werror -Wshadow  -DMAXCONN=16384 -I../common -DHAS_TLS conftest.c >&5
configure:5916: $? = 0
configure:5918: result: yes
configure:5933: checking whether gcc supports -fPIC
configure:5941: gcc -c -g -O2 -pipe -ffast-math -Wall -march=i686 -Wno-unused-parameter -Wno-maybe-uninitialized -Wno-clobbered -Wempty-body -Wno-switch -Wno-missing-field-initializers -Wshadow -fPIC  -DMAXCONN=16384 -I../common -DHAS_TLS conftest.c >&5
configure:5941: $? = 0
configure:5943: result: yes
configure:5961: checking how to make shared objects
configure:5982: gcc -o conftest -g -O2 -pipe -ffast-math -Wall -march=i686 -Wno-unused-parameter -Wno-maybe-uninitialized -Wno-clobbered -Wempty-body -Wno-switch -Wno-missing-field-initializers -Wshadow -fPIC -shared  -DMAXCONN=16384 -I../common -DHAS_TLS  -march=i686 conftest.c  >&5
configure:5982: $? = 0
configure:6004: gcc -o conftest -g -O2 -pipe -ffast-math -Wall -march=i686 -Wno-unused-parameter -Wno-maybe-uninitialized -Wno-clobbered -Wempty-body -Wno-switch -Wno-missing-field-initializers -Wshadow -fPIC -nostart  -DMAXCONN=16384 -I../common -DHAS_TLS  -march=i686 conftest.c  >&5
gcc: error: unrecognized command line option '-nostart'
configure:6004: $? = 1
configure: failed program was:
| /* confdefs.h */
| #define PACKAGE_NAME ""
| #define PACKAGE_TARNAME ""
| #define PACKAGE_VERSION ""
| #define PACKAGE_STRING ""
| #define PACKAGE_BUGREPORT ""
| #define PACKAGE_URL ""
| #define STDC_HEADERS 1
| #define HAVE_SYS_TYPES_H 1
| #define HAVE_SYS_STAT_H 1
| #define HAVE_STDLIB_H 1
| #define HAVE_STRING_H 1
| #define HAVE_MEMORY_H 1
| #define HAVE_STRINGS_H 1
| #define HAVE_INTTYPES_H 1
| #define HAVE_STDINT_H 1
| #define HAVE_UNISTD_H 1
| #define __EXTENSIONS__ 1
| #define _ALL_SOURCE 1
| #define _GNU_SOURCE 1
| #define _POSIX_PTHREAD_SEMANTICS 1
| #define _TANDEM_SOURCE 1
| /* end confdefs.h.  */
| 
| 		int bar = 0;
| 
| 		int foo(void)
| 		{
| 			return bar;
| 		}
| 
configure:6021: result: -shared yes
configure:6030: checking whether gcc needs -Wl,--no-undefined to check for undefined references in shared objects
configure:6042: gcc -o conftest  -shared  -DMAXCONN=16384 -I../common -DHAS_TLS  -march=i686 conftest.c  >&5
configure:6042: $? = 0
configure:6055: gcc -o conftest  -shared -Wl,--no-undefined  -DMAXCONN=16384 -I../common -DHAS_TLS  -march=i686 conftest.c  >&5
configure:6055: $? = 0
configure:6057: result: yes
configure:6086: checking whether gcc needs -fPIC for shared objects
configure:6102: gcc -o conftest -g -O2 -pipe -ffast-math -Wall -march=i686 -Wno-unused-parameter -Wno-maybe-uninitialized -Wno-clobbered -Wempty-body -Wno-switch -Wno-missing-field-initializers -Wshadow  -shared -Wl,--no-undefined  -DMAXCONN=16384 -I../common -DHAS_TLS  -march=i686 conftest.c  >&5
configure:6102: $? = 0
configure:6104: result: no
configure:6162: checking whether gcc supports -fno-strict-aliasing
configure:6170: gcc -c -g -O2 -pipe -ffast-math -Wall -march=i686 -Wno-unused-parameter -Wno-maybe-uninitialized -Wno-clobbered -Wempty-body -Wno-switch -Wno-missing-field-initializers -Wshadow -fno-strict-aliasing  -DMAXCONN=16384 -I../common -DHAS_TLS conftest.c >&5
configure:6170: $? = 0
configure:6171: result: yes
configure:6192: checking for setrlimit
configure:6192: gcc -o conftest -g -O2 -pipe -ffast-math -Wall -march=i686 -Wno-unused-parameter -Wno-maybe-uninitialized -Wno-clobbered -Wempty-body -Wno-switch -Wno-missing-field-initializers -Wshadow -fno-strict-aliasing  -DMAXCONN=16384 -I../common -DHAS_TLS  -march=i686 conftest.c  >&5
configure:6192: $? = 0
configure:6192: result: yes
configure:6202: checking for strnlen
configure:6202: gcc -o conftest -g -O2 -pipe -ffast-math -Wall -march=i686 -Wno-unused-parameter -Wno-maybe-uninitialized -Wno-clobbered -Wempty-body -Wno-switch -Wno-missing-field-initializers -Wshadow -fno-strict-aliasing  -DMAXCONN=16384 -I../common -DHAS_TLS -DHAVE_SETRLIMIT  -march=i686 conftest.c  >&5
configure:6202: $? = 0
configure:6202: result: yes
configure:6211: checking for uselocale
configure:6211: gcc -o conftest -g -O2 -pipe -ffast-math -Wall -march=i686 -Wno-unused-parameter -Wno-maybe-uninitialized -Wno-clobbered -Wempty-body -Wno-switch -Wno-missing-field-initializers -Wshadow -fno-strict-aliasing  -DMAXCONN=16384 -I../common -DHAS_TLS -DHAVE_SETRLIMIT -DHAVE_STRNLEN  -march=i686 conftest.c  >&5
configure:6211: $? = 0
configure:6211: result: yes
configure:6222: checking for newlocale
configure:6222: gcc -o conftest -g -O2 -pipe -ffast-math -Wall -march=i686 -Wno-unused-parameter -Wno-maybe-uninitialized -Wno-clobbered -Wempty-body -Wno-switch -Wno-missing-field-initializers -Wshadow -fno-strict-aliasing  -DMAXCONN=16384 -I../common -DHAS_TLS -DHAVE_SETRLIMIT -DHAVE_STRNLEN  -march=i686 conftest.c  >&5
configure:6222: $? = 0
configure:6222: result: yes
configure:6233: checking for freelocale
configure:6233: gcc -o conftest -g -O2 -pipe -ffast-math -Wall -march=i686 -Wno-unused-parameter -Wno-maybe-uninitialized -Wno-clobbered -Wempty-body -Wno-switch -Wno-missing-field-initializers -Wshadow -fno-strict-aliasing  -DMAXCONN=16384 -I../common -DHAS_TLS -DHAVE_SETRLIMIT -DHAVE_STRNLEN  -march=i686 conftest.c  >&5
configure:6233: $? = 0
configure:6233: result: yes
configure:6244: checking for xlocale.h
configure:6244: gcc -c -g -O2 -pipe -ffast-math -Wall -march=i686 -Wno-unused-parameter -Wno-maybe-uninitialized -Wno-clobbered -Wempty-body -Wno-switch -Wno-missing-field-initializers -Wshadow -fno-strict-aliasing  -DMAXCONN=16384 -I../common -DHAS_TLS -DHAVE_SETRLIMIT -DHAVE_STRNLEN conftest.c >&5
configure:6244: $? = 0
configure:6244: result: yes
configure:6434: checking for library containing inflateEnd
configure:6465: gcc -o conftest -g -O2 -pipe -ffast-math -Wall -march=i686 -Wno-unused-parameter -Wno-maybe-uninitialized -Wno-clobbered -Wempty-body -Wno-switch -Wno-missing-field-initializers -Wshadow -fno-strict-aliasing  -DMAXCONN=16384 -I../common -DHAS_TLS -DHAVE_SETRLIMIT -DHAVE_STRNLEN  -I/usr/include  -march=i686 -L/usr/lib conftest.c  >&5
/tmp/ccUUBLq5.o: In function `main':
/home/ilfan/server/RoGw/conftest.c:39: undefined reference to `inflateEnd'
collect2: error: ld returned 1 exit status
configure:6465: $? = 1
configure: failed program was:
| /* confdefs.h */
| #define PACKAGE_NAME ""
| #define PACKAGE_TARNAME ""
| #define PACKAGE_VERSION ""
| #define PACKAGE_STRING ""
| #define PACKAGE_BUGREPORT ""
| #define PACKAGE_URL ""
| #define STDC_HEADERS 1
| #define HAVE_SYS_TYPES_H 1
| #define HAVE_SYS_STAT_H 1
| #define HAVE_STDLIB_H 1
| #define HAVE_STRING_H 1
| #define HAVE_MEMORY_H 1
| #define HAVE_STRINGS_H 1
| #define HAVE_INTTYPES_H 1
| #define HAVE_STDINT_H 1
| #define HAVE_UNISTD_H 1
| #define __EXTENSIONS__ 1
| #define _ALL_SOURCE 1
| #define _GNU_SOURCE 1
| #define _POSIX_PTHREAD_SEMANTICS 1
| #define _TANDEM_SOURCE 1
| #define HAVE_USELOCALE 1
| #define HAVE_NEWLOCALE 1
| #define HAVE_FREELOCALE 1
| #define HAVE_XLOCALE_H 1
| /* end confdefs.h.  */
| 
| /* Override any GCC internal prototype to avoid an error.
|    Use char because int might match the return type of a GCC
|    builtin and then its argument prototype would still apply.  */
| #ifdef __cplusplus
| extern "C"
| #endif
| char inflateEnd ();
| int
| main ()
| {
| return inflateEnd ();
|   ;
|   return 0;
| }
configure:6465: gcc -o conftest -g -O2 -pipe -ffast-math -Wall -march=i686 -Wno-unused-parameter -Wno-maybe-uninitialized -Wno-clobbered -Wempty-body -Wno-switch -Wno-missing-field-initializers -Wshadow -fno-strict-aliasing  -DMAXCONN=16384 -I../common -DHAS_TLS -DHAVE_SETRLIMIT -DHAVE_STRNLEN  -I/usr/include  -march=i686 -L/usr/lib conftest.c -lz   >&5
configure:6465: $? = 0
configure:6482: result: -lz
configure:6492: checking for zlib.h
configure:6492: gcc -c -g -O2 -pipe -ffast-math -Wall -march=i686 -Wno-unused-parameter -Wno-maybe-uninitialized -Wno-clobbered -Wempty-body -Wno-switch -Wno-missing-field-initializers -Wshadow -fno-strict-aliasing  -DMAXCONN=16384 -I../common -DHAS_TLS -DHAVE_SETRLIMIT -DHAVE_STRNLEN  -I/usr/include conftest.c >&5
configure:6492: $? = 0
configure:6492: result: yes
configure:6509: checking for library containing sqrt
configure:6540: gcc -o conftest -g -O2 -pipe -ffast-math -Wall -march=i686 -Wno-unused-parameter -Wno-maybe-uninitialized -Wno-clobbered -Wempty-body -Wno-switch -Wno-missing-field-initializers -Wshadow -fno-strict-aliasing  -DMAXCONN=16384 -I../common -DHAS_TLS -DHAVE_SETRLIMIT -DHAVE_STRNLEN  -I/usr/include  -march=i686 -L/usr/lib conftest.c -lz  >&5
conftest.c:35:6: warning: conflicting types for built-in function 'sqrt'
 char sqrt ();
      ^
/tmp/cc9R8Gwy.o: In function `main':
/home/ilfan/server/RoGw/conftest.c:39: undefined reference to `sqrt'
collect2: error: ld returned 1 exit status
configure:6540: $? = 1
configure: failed program was:
| /* confdefs.h */
| #define PACKAGE_NAME ""
| #define PACKAGE_TARNAME ""
| #define PACKAGE_VERSION ""
| #define PACKAGE_STRING ""
| #define PACKAGE_BUGREPORT ""
| #define PACKAGE_URL ""
| #define STDC_HEADERS 1
| #define HAVE_SYS_TYPES_H 1
| #define HAVE_SYS_STAT_H 1
| #define HAVE_STDLIB_H 1
| #define HAVE_STRING_H 1
| #define HAVE_MEMORY_H 1
| #define HAVE_STRINGS_H 1
| #define HAVE_INTTYPES_H 1
| #define HAVE_STDINT_H 1
| #define HAVE_UNISTD_H 1
| #define __EXTENSIONS__ 1
| #define _ALL_SOURCE 1
| #define _GNU_SOURCE 1
| #define _POSIX_PTHREAD_SEMANTICS 1
| #define _TANDEM_SOURCE 1
| #define HAVE_USELOCALE 1
| #define HAVE_NEWLOCALE 1
| #define HAVE_FREELOCALE 1
| #define HAVE_XLOCALE_H 1
| /* end confdefs.h.  */
| 
| /* Override any GCC internal prototype to avoid an error.
|    Use char because int might match the return type of a GCC
|    builtin and then its argument prototype would still apply.  */
| #ifdef __cplusplus
| extern "C"
| #endif
| char sqrt ();
| int
| main ()
| {
| return sqrt ();
|   ;
|   return 0;
| }
configure:6540: gcc -o conftest -g -O2 -pipe -ffast-math -Wall -march=i686 -Wno-unused-parameter -Wno-maybe-uninitialized -Wno-clobbered -Wempty-body -Wno-switch -Wno-missing-field-initializers -Wshadow -fno-strict-aliasing  -DMAXCONN=16384 -I../common -DHAS_TLS -DHAVE_SETRLIMIT -DHAVE_STRNLEN  -I/usr/include  -march=i686 -L/usr/lib conftest.c -lm  -lz  >&5
conftest.c:35:6: warning: conflicting types for built-in function 'sqrt'
 char sqrt ();
      ^
configure:6540: $? = 0
configure:6557: result: -lm
configure:6572: checking for library containing clock_gettime
configure:6603: gcc -o conftest -g -O2 -pipe -ffast-math -Wall -march=i686 -Wno-unused-parameter -Wno-maybe-uninitialized -Wno-clobbered -Wempty-body -Wno-switch -Wno-missing-field-initializers -Wshadow -fno-strict-aliasing  -DMAXCONN=16384 -I../common -DHAS_TLS -DHAVE_SETRLIMIT -DHAVE_STRNLEN  -I/usr/include  -march=i686 -L/usr/lib conftest.c -lm -lz  >&5
configure:6603: $? = 0
configure:6620: result: none required
configure:6639: checking whether CLOCK_MONOTONIC is supported and works
configure:6662: gcc -o conftest -g -O2 -pipe -ffast-math -Wall -march=i686 -Wno-unused-parameter -Wno-maybe-uninitialized -Wno-clobbered -Wempty-body -Wno-switch -Wno-missing-field-initializers -Wshadow -fno-strict-aliasing  -DMAXCONN=16384 -I../common -DHAS_TLS -DHAVE_SETRLIMIT -DHAVE_STRNLEN  -I/usr/include  -march=i686 -L/usr/lib conftest.c -lm -lz  >&5
configure:6662: $? = 0
configure:6662: ./conftest
configure:6662: $? = 0
configure:6664: result: yes
configure:6686: checking for library containing pthread_create
configure:6717: gcc -o conftest -g -O2 -pipe -ffast-math -Wall -march=i686 -Wno-unused-parameter -Wno-maybe-uninitialized -Wno-clobbered -Wempty-body -Wno-switch -Wno-missing-field-initializers -Wshadow -fno-strict-aliasing  -DMAXCONN=16384 -I../common -DHAS_TLS -DHAVE_SETRLIMIT -DHAVE_STRNLEN  -I/usr/include -DHAVE_MONOTONIC_CLOCK  -march=i686 -L/usr/lib conftest.c -lm -lz  >&5
/tmp/cctGl2R9.o: In function `main':
/home/ilfan/server/RoGw/conftest.c:39: undefined reference to `pthread_create'
collect2: error: ld returned 1 exit status
configure:6717: $? = 1
configure: failed program was:
| /* confdefs.h */
| #define PACKAGE_NAME ""
| #define PACKAGE_TARNAME ""
| #define PACKAGE_VERSION ""
| #define PACKAGE_STRING ""
| #define PACKAGE_BUGREPORT ""
| #define PACKAGE_URL ""
| #define STDC_HEADERS 1
| #define HAVE_SYS_TYPES_H 1
| #define HAVE_SYS_STAT_H 1
| #define HAVE_STDLIB_H 1
| #define HAVE_STRING_H 1
| #define HAVE_MEMORY_H 1
| #define HAVE_STRINGS_H 1
| #define HAVE_INTTYPES_H 1
| #define HAVE_STDINT_H 1
| #define HAVE_UNISTD_H 1
| #define __EXTENSIONS__ 1
| #define _ALL_SOURCE 1
| #define _GNU_SOURCE 1
| #define _POSIX_PTHREAD_SEMANTICS 1
| #define _TANDEM_SOURCE 1
| #define HAVE_USELOCALE 1
| #define HAVE_NEWLOCALE 1
| #define HAVE_FREELOCALE 1
| #define HAVE_XLOCALE_H 1
| /* end confdefs.h.  */
| 
| /* Override any GCC internal prototype to avoid an error.
|    Use char because int might match the return type of a GCC
|    builtin and then its argument prototype would still apply.  */
| #ifdef __cplusplus
| extern "C"
| #endif
| char pthread_create ();
| int
| main ()
| {
| return pthread_create ();
|   ;
|   return 0;
| }
configure:6717: gcc -o conftest -g -O2 -pipe -ffast-math -Wall -march=i686 -Wno-unused-parameter -Wno-maybe-uninitialized -Wno-clobbered -Wempty-body -Wno-switch -Wno-missing-field-initializers -Wshadow -fno-strict-aliasing  -DMAXCONN=16384 -I../common -DHAS_TLS -DHAVE_SETRLIMIT -DHAVE_STRNLEN  -I/usr/include -DHAVE_MONOTONIC_CLOCK  -march=i686 -L/usr/lib conftest.c -lpthread  -lm -lz  >&5
configure:6717: $? = 0
configure:6734: result: -lpthread
configure:6744: checking for library containing pthread_sigmask
configure:6775: gcc -o conftest -g -O2 -pipe -ffast-math -Wall -march=i686 -Wno-unused-parameter -Wno-maybe-uninitialized -Wno-clobbered -Wempty-body -Wno-switch -Wno-missing-field-initializers -Wshadow -fno-strict-aliasing  -DMAXCONN=16384 -I../common -DHAS_TLS -DHAVE_SETRLIMIT -DHAVE_STRNLEN  -I/usr/include -DHAVE_MONOTONIC_CLOCK  -march=i686 -L/usr/lib conftest.c -lpthread -lm -lz  >&5
configure:6775: $? = 0
configure:6792: result: none required
configure:6802: checking for library containing pthread_attr_init
configure:6833: gcc -o conftest -g -O2 -pipe -ffast-math -Wall -march=i686 -Wno-unused-parameter -Wno-maybe-uninitialized -Wno-clobbered -Wempty-body -Wno-switch -Wno-missing-field-initializers -Wshadow -fno-strict-aliasing  -DMAXCONN=16384 -I../common -DHAS_TLS -DHAVE_SETRLIMIT -DHAVE_STRNLEN  -I/usr/include -DHAVE_MONOTONIC_CLOCK  -march=i686 -L/usr/lib conftest.c -lpthread -lm -lz  >&5
configure:6833: $? = 0
configure:6850: result: none required
configure:6860: checking for library containing pthread_attr_setstacksize
configure:6891: gcc -o conftest -g -O2 -pipe -ffast-math -Wall -march=i686 -Wno-unused-parameter -Wno-maybe-uninitialized -Wno-clobbered -Wempty-body -Wno-switch -Wno-missing-field-initializers -Wshadow -fno-strict-aliasing  -DMAXCONN=16384 -I../common -DHAS_TLS -DHAVE_SETRLIMIT -DHAVE_STRNLEN  -I/usr/include -DHAVE_MONOTONIC_CLOCK  -march=i686 -L/usr/lib conftest.c -lpthread -lm -lz  >&5
configure:6891: $? = 0
configure:6908: result: none required
configure:6918: checking for library containing pthread_attr_destroy
configure:6949: gcc -o conftest -g -O2 -pipe -ffast-math -Wall -march=i686 -Wno-unused-parameter -Wno-maybe-uninitialized -Wno-clobbered -Wempty-body -Wno-switch -Wno-missing-field-initializers -Wshadow -fno-strict-aliasing  -DMAXCONN=16384 -I../common -DHAS_TLS -DHAVE_SETRLIMIT -DHAVE_STRNLEN  -I/usr/include -DHAVE_MONOTONIC_CLOCK  -march=i686 -L/usr/lib conftest.c -lpthread -lm -lz  >&5
configure:6949: $? = 0
configure:6966: result: none required
configure:6976: checking for library containing pthread_cancel
configure:7007: gcc -o conftest -g -O2 -pipe -ffast-math -Wall -march=i686 -Wno-unused-parameter -Wno-maybe-uninitialized -Wno-clobbered -Wempty-body -Wno-switch -Wno-missing-field-initializers -Wshadow -fno-strict-aliasing  -DMAXCONN=16384 -I../common -DHAS_TLS -DHAVE_SETRLIMIT -DHAVE_STRNLEN  -I/usr/include -DHAVE_MONOTONIC_CLOCK  -march=i686 -L/usr/lib conftest.c -lpthread -lm -lz  >&5
configure:7007: $? = 0
configure:7024: result: none required
configure:7034: checking for library containing pthread_join
configure:7065: gcc -o conftest -g -O2 -pipe -ffast-math -Wall -march=i686 -Wno-unused-parameter -Wno-maybe-uninitialized -Wno-clobbered -Wempty-body -Wno-switch -Wno-missing-field-initializers -Wshadow -fno-strict-aliasing  -DMAXCONN=16384 -I../common -DHAS_TLS -DHAVE_SETRLIMIT -DHAVE_STRNLEN  -I/usr/include -DHAVE_MONOTONIC_CLOCK  -march=i686 -L/usr/lib conftest.c -lpthread -lm -lz  >&5
configure:7065: $? = 0
configure:7082: result: none required
configure:7101: checking for mysql_config
configure:7119: found /usr/bin/mysql_config
configure:7132: result: /usr/bin/mysql_config
configure:7156: checking for mysql_init in -lmysqlclient
configure:7181: gcc -o conftest -g -O2 -pipe -ffast-math -Wall -march=i686 -Wno-unused-parameter -Wno-maybe-uninitialized -Wno-clobbered -Wempty-body -Wno-switch -Wno-missing-field-initializers -Wshadow -fno-strict-aliasing  -DMAXCONN=16384 -I../common -DHAS_TLS -DHAVE_SETRLIMIT -DHAVE_STRNLEN  -I/usr/include -DHAVE_MONOTONIC_CLOCK -I/usr/include/mysql  -march=i686 -L/usr/lib -L/usr/lib/i386-linux-gnu -lmysqlclient -lpthread -lz -lm -ldl conftest.c -lmysqlclient  -lpthread -lm -lz  >&5
configure:7181: $? = 0
configure:7190: result: yes
configure:7196: checking mysql.h usability
configure:7196: gcc -c -g -O2 -pipe -ffast-math -Wall -march=i686 -Wno-unused-parameter -Wno-maybe-uninitialized -Wno-clobbered -Wempty-body -Wno-switch -Wno-missing-field-initializers -Wshadow -fno-strict-aliasing  -DMAXCONN=16384 -I../common -DHAS_TLS -DHAVE_SETRLIMIT -DHAVE_STRNLEN  -I/usr/include -DHAVE_MONOTONIC_CLOCK -I/usr/include/mysql conftest.c >&5
configure:7196: $? = 0
configure:7196: result: yes
configure:7196: checking mysql.h presence
configure:7196: gcc -E  -DMAXCONN=16384 -I../common -DHAS_TLS -DHAVE_SETRLIMIT -DHAVE_STRNLEN  -I/usr/include -DHAVE_MONOTONIC_CLOCK -I/usr/include/mysql conftest.c
configure:7196: $? = 0
configure:7196: result: yes
configure:7196: checking for mysql.h
configure:7196: result: yes
configure:7207: checking MySQL library (required)
configure:7210: result: yes (5.5.52)
configure:7239: checking for library containing pcre_study
configure:7270: gcc -o conftest -g -O2 -pipe -ffast-math -Wall -march=i686 -Wno-unused-parameter -Wno-maybe-uninitialized -Wno-clobbered -Wempty-body -Wno-switch -Wno-missing-field-initializers -Wshadow -fno-strict-aliasing  -DMAXCONN=16384 -I../common -DHAS_TLS -DHAVE_SETRLIMIT -DHAVE_STRNLEN  -I/usr/include -DHAVE_MONOTONIC_CLOCK  -march=i686 -L/usr/lib conftest.c -lpthread -lm -lz  >&5
/tmp/ccWogQal.o: In function `main':
/home/ilfan/server/RoGw/conftest.c:39: undefined reference to `pcre_study'
collect2: error: ld returned 1 exit status
configure:7270: $? = 1
configure: failed program was:
| /* confdefs.h */
| #define PACKAGE_NAME ""
| #define PACKAGE_TARNAME ""
| #define PACKAGE_VERSION ""
| #define PACKAGE_STRING ""
| #define PACKAGE_BUGREPORT ""
| #define PACKAGE_URL ""
| #define STDC_HEADERS 1
| #define HAVE_SYS_TYPES_H 1
| #define HAVE_SYS_STAT_H 1
| #define HAVE_STDLIB_H 1
| #define HAVE_STRING_H 1
| #define HAVE_MEMORY_H 1
| #define HAVE_STRINGS_H 1
| #define HAVE_INTTYPES_H 1
| #define HAVE_STDINT_H 1
| #define HAVE_UNISTD_H 1
| #define __EXTENSIONS__ 1
| #define _ALL_SOURCE 1
| #define _GNU_SOURCE 1
| #define _POSIX_PTHREAD_SEMANTICS 1
| #define _TANDEM_SOURCE 1
| #define HAVE_USELOCALE 1
| #define HAVE_NEWLOCALE 1
| #define HAVE_FREELOCALE 1
| #define HAVE_XLOCALE_H 1
| /* end confdefs.h.  */
| 
| /* Override any GCC internal prototype to avoid an error.
|    Use char because int might match the return type of a GCC
|    builtin and then its argument prototype would still apply.  */
| #ifdef __cplusplus
| extern "C"
| #endif
| char pcre_study ();
| int
| main ()
| {
| return pcre_study ();
|   ;
|   return 0;
| }
configure:7270: gcc -o conftest -g -O2 -pipe -ffast-math -Wall -march=i686 -Wno-unused-parameter -Wno-maybe-uninitialized -Wno-clobbered -Wempty-body -Wno-switch -Wno-missing-field-initializers -Wshadow -fno-strict-aliasing  -DMAXCONN=16384 -I../common -DHAS_TLS -DHAVE_SETRLIMIT -DHAVE_STRNLEN  -I/usr/include -DHAVE_MONOTONIC_CLOCK  -march=i686 -L/usr/lib conftest.c -lpcre  -lpthread -lm -lz  >&5
configure:7270: $? = 0
configure:7287: result: -lpcre
configure:7348: checking PCRE library (optional)
configure:7352: result: yes (8.35)
configure:7375: checking host OS
configure:7378: result: Linux
configure:7403: checking for MinGW
configure:7414: result: no
configure:7422: Configure finish
configure:7424: CPPFLAGS=  -DMAXCONN=16384 -I../common -DHAS_TLS -DHAVE_SETRLIMIT -DHAVE_STRNLEN  -I/usr/include -DHAVE_MONOTONIC_CLOCK
configure:7426: CFLAGS= -flto -fuse-linker-plugin -g -O2 -pipe -ffast-math -Wall -march=i686 -Wno-unused-parameter -Wno-maybe-uninitialized -Wno-clobbered -Wempty-body -Wno-switch -Wno-missing-field-initializers -Wshadow -fno-strict-aliasing
configure:7428: CFLAGS_AR= -flto -fuse-linker-plugin -ffat-lto-objects -flto -fuse-linker-plugin -g -O2 -pipe -ffast-math -Wall -march=i686 -Wno-unused-parameter -Wno-maybe-uninitialized -Wno-clobbered -Wempty-body -Wno-switch -Wno-missing-field-initializers -Wshadow -fno-strict-aliasing
configure:7430: LDFLAGS=  -march=i686 -L/usr/lib
configure:7434: output name =  login-server, char-server, map-server
configure:7589: creating ./config.status

## ---------------------- ##
## Running config.status. ##
## ---------------------- ##

This file was extended by config.status, which was
generated by GNU Autoconf 2.69.  Invocation command line was

  CONFIG_FILES    = 
  CONFIG_HEADERS  = 
  CONFIG_LINKS    = 
  CONFIG_COMMANDS = 
  $ ./config.status 

on debian8nas

config.status:751: creating Makefile
config.status:751: creating src/common/Makefile
config.status:751: creating 3rdparty/mt19937ar/Makefile
config.status:751: creating 3rdparty/libconfig/Makefile
config.status:751: creating src/char/Makefile
config.status:751: creating src/login/Makefile
config.status:751: creating src/map/Makefile
config.status:751: creating src/tool/Makefile

## ---------------- ##
## Cache variables. ##
## ---------------- ##

ac_cv_c_bigendian=no
ac_cv_c_compiler_gnu=yes
ac_cv_env_CC_set=
ac_cv_env_CC_value=
ac_cv_env_CFLAGS_set=
ac_cv_env_CFLAGS_value=
ac_cv_env_CPPFLAGS_set=
ac_cv_env_CPPFLAGS_value=
ac_cv_env_CPP_set=
ac_cv_env_CPP_value=
ac_cv_env_LDFLAGS_set=
ac_cv_env_LDFLAGS_value=
ac_cv_env_LIBS_set=
ac_cv_env_LIBS_value=
ac_cv_env_build_alias_set=
ac_cv_env_build_alias_value=
ac_cv_env_host_alias_set=
ac_cv_env_host_alias_value=
ac_cv_env_target_alias_set=
ac_cv_env_target_alias_value=
ac_cv_func_freelocale=yes
ac_cv_func_newlocale=yes
ac_cv_func_setrlimit=yes
ac_cv_func_strnlen=yes
ac_cv_func_uselocale=yes
ac_cv_header_inttypes_h=yes
ac_cv_header_memory_h=yes
ac_cv_header_minix_config_h=no
ac_cv_header_mysql_h=yes
ac_cv_header_stdc=yes
ac_cv_header_stdint_h=yes
ac_cv_header_stdlib_h=yes
ac_cv_header_string_h=yes
ac_cv_header_strings_h=yes
ac_cv_header_sys_stat_h=yes
ac_cv_header_sys_types_h=yes
ac_cv_header_unistd_h=yes
ac_cv_header_xlocale_h=yes
ac_cv_header_zlib_h=yes
ac_cv_lib_mysqlclient_mysql_init=yes
ac_cv_objext=o
ac_cv_path_AR=/usr/bin/ar
ac_cv_path_EGREP='/bin/grep -E'
ac_cv_path_GREP=/bin/grep
ac_cv_path_MYSQL_CONFIG_HOME=/usr/bin/mysql_config
ac_cv_prog_CPP='gcc -E'
ac_cv_prog_ac_ct_CC=gcc
ac_cv_prog_cc_c89=
ac_cv_prog_cc_g=yes
ac_cv_prog_make_make_set=yes
ac_cv_safe_to_define___extensions__=yes
ac_cv_search_clock_gettime='none required'
ac_cv_search_inflateEnd=-lz
ac_cv_search_pcre_study=-lpcre
ac_cv_search_pthread_attr_destroy='none required'
ac_cv_search_pthread_attr_init='none required'
ac_cv_search_pthread_attr_setstacksize='none required'
ac_cv_search_pthread_cancel='none required'
ac_cv_search_pthread_create=-lpthread
ac_cv_search_pthread_join='none required'
ac_cv_search_pthread_sigmask='none required'
ac_cv_search_sqrt=-lm

## ----------------- ##
## Output variables. ##
## ----------------- ##

AR='/usr/bin/ar'
CC='gcc'
CFLAGS='-flto -fuse-linker-plugin -g -O2 -pipe -ffast-math -Wall -march=i686 -Wno-unused-parameter -Wno-maybe-uninitialized -Wno-clobbered -Wempty-body -Wno-switch -Wno-missing-field-initializers -Wshadow -fno-strict-aliasing'
CFLAGS_AR='-flto -fuse-linker-plugin -ffat-lto-objects -flto -fuse-linker-plugin -g -O2 -pipe -ffast-math -Wall -march=i686 -Wno-unused-parameter -Wno-maybe-uninitialized -Wno-clobbered -Wempty-body -Wno-switch -Wno-missing-field-initializers -Wshadow -fno-strict-aliasing'
CPP='gcc -E'
CPPFLAGS=' -DMAXCONN=16384 -I../common -DHAS_TLS -DHAVE_SETRLIMIT -DHAVE_STRNLEN  -I/usr/include -DHAVE_MONOTONIC_CLOCK'
DEFS='-DPACKAGE_NAME=\"\" -DPACKAGE_TARNAME=\"\" -DPACKAGE_VERSION=\"\" -DPACKAGE_STRING=\"\" -DPACKAGE_BUGREPORT=\"\" -DPACKAGE_URL=\"\" -DSTDC_HEADERS=1 -DHAVE_SYS_TYPES_H=1 -DHAVE_SYS_STAT_H=1 -DHAVE_STDLIB_H=1 -DHAVE_STRING_H=1 -DHAVE_MEMORY_H=1 -DHAVE_STRINGS_H=1 -DHAVE_INTTYPES_H=1 -DHAVE_STDINT_H=1 -DHAVE_UNISTD_H=1 -D__EXTENSIONS__=1 -D_ALL_SOURCE=1 -D_GNU_SOURCE=1 -D_POSIX_PTHREAD_SEMANTICS=1 -D_TANDEM_SOURCE=1 -DHAVE_USELOCALE=1 -DHAVE_NEWLOCALE=1 -DHAVE_FREELOCALE=1 -DHAVE_XLOCALE_H=1'
DLLEXT='.so'
ECHO_C=''
ECHO_N='-n'
ECHO_T=''
EGREP='/bin/grep -E'
EXEEXT=''
GREP='/bin/grep'
HAVE_MYSQL='yes'
HAVE_PCRE='yes'
LDFLAGS=' -march=i686 -L/usr/lib'
LIBOBJS=''
LIBS='-lpcre -lpthread -lm -lz  -ldl'
LTLIBOBJS=''
MYSQL_CFLAGS='-I/usr/include/mysql'
MYSQL_CONFIG_HOME='/usr/bin/mysql_config'
MYSQL_LIBS='-L/usr/lib/i386-linux-gnu -lmysqlclient -lpthread -lz -lm -ldl'
MYSQL_VERSION='5.5.52'
OBJEXT='o'
OCHR='char-server'
OLOG='login-server'
OMAP='map-server'
PACKAGE_BUGREPORT=''
PACKAGE_NAME=''
PACKAGE_STRING=''
PACKAGE_TARNAME=''
PACKAGE_URL=''
PACKAGE_VERSION=''
PATH_SEPARATOR=':'
PCRE_CFLAGS=''
PCRE_LIBS='-lpcre'
PCRE_VERSION='8.35'
SET_MAKE=''
SHELL='/bin/bash'
SOFLAGS=' -shared -Wl,--no-undefined'
WITH_PLUGINS='yes'
ac_ct_CC='gcc'
bindir='${exec_prefix}/bin'
build_alias=''
datadir='${datarootdir}'
datarootdir='${prefix}/share'
docdir='${datarootdir}/doc/${PACKAGE}'
dvidir='${docdir}'
exec_prefix='${prefix}'
host_alias=''
htmldir='${docdir}'
includedir='${prefix}/include'
infodir='${datarootdir}/info'
libdir='${exec_prefix}/lib'
libexecdir='${exec_prefix}/libexec'
localedir='${datarootdir}/locale'
localstatedir='${prefix}/var'
mandir='${datarootdir}/man'
oldincludedir='/usr/include'
pdfdir='${docdir}'
prefix='/usr/local'
program_transform_name='s,x,x,'
psdir='${docdir}'
sbindir='${exec_prefix}/sbin'
sharedstatedir='${prefix}/com'
sysconfdir='${prefix}/etc'
target_alias=''

## ----------- ##
## confdefs.h. ##
## ----------- ##

/* confdefs.h */
#define PACKAGE_NAME ""
#define PACKAGE_TARNAME ""
#define PACKAGE_VERSION ""
#define PACKAGE_STRING ""
#define PACKAGE_BUGREPORT ""
#define PACKAGE_URL ""
#define STDC_HEADERS 1
#define HAVE_SYS_TYPES_H 1
#define HAVE_SYS_STAT_H 1
#define HAVE_STDLIB_H 1
#define HAVE_STRING_H 1
#define HAVE_MEMORY_H 1
#define HAVE_STRINGS_H 1
#define HAVE_INTTYPES_H 1
#define HAVE_STDINT_H 1
#define HAVE_UNISTD_H 1
#define __EXTENSIONS__ 1
#define _ALL_SOURCE 1
#define _GNU_SOURCE 1
#define _POSIX_PTHREAD_SEMANTICS 1
#define _TANDEM_SOURCE 1
#define HAVE_USELOCALE 1
#define HAVE_NEWLOCALE 1
#define HAVE_FREELOCALE 1
#define HAVE_XLOCALE_H 1

configure: exit 0
